<?xml version="1.0" encoding="UTF-8"?>
<!-- Generated by org.testng.reporters.JUnitXMLReporter -->
<testsuite ignored="0" hostname="Hemanths-MacBook-Air.local" failures="0" tests="2" name="Default test" time="36.356" errors="0" timestamp="2024-02-16T13:03:32 EST">
  <testcase classname="MyAtomation.SeleniumAutomation.Tests.TestngTests1" name="test1" time="17.794"/>
  <testcase classname="MyAtomation.SeleniumAutomation.Tests.TestngTests1" name="test2" time="0.483"/>
</testsuite> <!-- Default test -->
