<?xml version="1.0" encoding="UTF-8"?>
<!-- Generated by org.testng.reporters.JUnitXMLReporter -->
<testsuite ignored="0" hostname="Hemanths-MacBook-Air.local" failures="0" tests="4" name="Test" time="54.088" errors="0" timestamp="2024-02-24T18:01:50 EST">
  <testcase classname="MyAtomation.SeleniumAutomation.Tests.TestngTests2" name="test3" time="0.01"/>
  <testcase classname="MyAtomation.SeleniumAutomation.Tests.TestngTests1" name="test1" time="17.867"/>
  <testcase classname="MyAtomation.SeleniumAutomation.Tests.TestngTests1" name="test1" time="17.57"/>
  <testcase classname="MyAtomation.SeleniumAutomation.Tests.TestngTests1" name="test2" time="0.52"/>
</testsuite> <!-- Test -->
