<?xml version="1.0" encoding="UTF-8"?>
<!-- Generated by org.testng.reporters.JUnitXMLReporter -->
<testsuite ignored="0" hostname="Hemanths-MacBook-Air.local" failures="0" tests="4" name="Test" time="49.632" errors="0" timestamp="2024-02-25T13:49:03 EST">
  <testcase classname="MyAtomation.SeleniumAutomation.Tests.TestngTests2" name="test3" time="0.003"/>
  <testcase classname="MyAtomation.SeleniumAutomation.Tests.TestngTests1" name="test1" time="17.654"/>
  <testcase classname="MyAtomation.SeleniumAutomation.Tests.TestngTests1" name="test1" time="17.621"/>
  <testcase classname="MyAtomation.SeleniumAutomation.Tests.TestngTests1" name="test2" time="0.541"/>
</testsuite> <!-- Test -->
