<?xml version="1.0" encoding="UTF-8"?>
<testng-results ignored="0" total="4" passed="4" failed="0" skipped="0">
  <reporter-output>
  </reporter-output>
  <suite started-at="2024-02-25T13:48:13 EST" name="Suite" finished-at="2024-02-25T13:49:03 EST" duration-ms="49632">
    <groups>
    </groups>
    <test started-at="2024-02-25T13:48:13 EST" name="Test" finished-at="2024-02-25T13:49:03 EST" duration-ms="49632">
      <class name="MyAtomation.SeleniumAutomation.Tests.TestngTests1">
        <test-method is-config="true" signature="launchAppPage()[pri:0, instance:MyAtomation.SeleniumAutomation.Tests.TestngTests1@ec756bd]" started-at="2024-02-25T13:48:13 EST" name="launchAppPage" finished-at="2024-02-25T13:48:18 EST" duration-ms="4382" status="PASS">
          <reporter-output>
          </reporter-output>
        </test-method> <!-- launchAppPage -->
        <test-method signature="test1(java.util.HashMap)[pri:0, instance:MyAtomation.SeleniumAutomation.Tests.TestngTests1@ec756bd]" started-at="2024-02-25T13:48:18 EST" name="test1" data-provider="myDataProvider" finished-at="2024-02-25T13:48:35 EST" duration-ms="17654" status="PASS">
          <params>
            <param index="0">
              <value>
                <![CDATA[{password=*r#NHQH59V6WL@Q, email=sainikil96@gmail.com}]]>
              </value>
            </param>
          </params>
          <reporter-output>
          </reporter-output>
        </test-method> <!-- test1 -->
        <test-method is-config="true" signature="closeBrowser()[pri:0, instance:MyAtomation.SeleniumAutomation.Tests.TestngTests1@ec756bd]" started-at="2024-02-25T13:48:35 EST" name="closeBrowser" finished-at="2024-02-25T13:48:35 EST" duration-ms="80" status="PASS">
          <reporter-output>
          </reporter-output>
        </test-method> <!-- closeBrowser -->
        <test-method is-config="true" signature="launchAppPage()[pri:0, instance:MyAtomation.SeleniumAutomation.Tests.TestngTests1@ec756bd]" started-at="2024-02-25T13:48:35 EST" name="launchAppPage" finished-at="2024-02-25T13:48:40 EST" duration-ms="4822" status="PASS">
          <reporter-output>
          </reporter-output>
        </test-method> <!-- launchAppPage -->
        <test-method signature="test1(java.util.HashMap)[pri:0, instance:MyAtomation.SeleniumAutomation.Tests.TestngTests1@ec756bd]" started-at="2024-02-25T13:48:40 EST" name="test1" data-provider="myDataProvider" finished-at="2024-02-25T13:48:58 EST" duration-ms="17621" status="PASS">
          <params>
            <param index="0">
              <value>
                <![CDATA[{password=*r#NHQH59V6WL@Q, email=sainikil96@gmail.com}]]>
              </value>
            </param>
          </params>
          <reporter-output>
          </reporter-output>
        </test-method> <!-- test1 -->
        <test-method is-config="true" signature="closeBrowser()[pri:0, instance:MyAtomation.SeleniumAutomation.Tests.TestngTests1@ec756bd]" started-at="2024-02-25T13:48:58 EST" name="closeBrowser" finished-at="2024-02-25T13:48:58 EST" duration-ms="80" status="PASS">
          <reporter-output>
          </reporter-output>
        </test-method> <!-- closeBrowser -->
        <test-method is-config="true" signature="launchAppPage()[pri:0, instance:MyAtomation.SeleniumAutomation.Tests.TestngTests1@ec756bd]" started-at="2024-02-25T13:48:58 EST" name="launchAppPage" finished-at="2024-02-25T13:49:02 EST" duration-ms="4207" status="PASS">
          <reporter-output>
          </reporter-output>
        </test-method> <!-- launchAppPage -->
        <test-method signature="test2()[pri:0, instance:MyAtomation.SeleniumAutomation.Tests.TestngTests1@ec756bd]" started-at="2024-02-25T13:49:02 EST" name="test2" finished-at="2024-02-25T13:49:03 EST" duration-ms="541" status="PASS">
          <reporter-output>
          </reporter-output>
        </test-method> <!-- test2 -->
        <test-method is-config="true" signature="closeBrowser()[pri:0, instance:MyAtomation.SeleniumAutomation.Tests.TestngTests1@ec756bd]" started-at="2024-02-25T13:49:03 EST" name="closeBrowser" finished-at="2024-02-25T13:49:03 EST" duration-ms="77" status="PASS">
          <reporter-output>
          </reporter-output>
        </test-method> <!-- closeBrowser -->
      </class> <!-- MyAtomation.SeleniumAutomation.Tests.TestngTests1 -->
      <class name="MyAtomation.SeleniumAutomation.Tests.TestngTests2">
        <test-method is-config="true" signature="launchAppPage()[pri:0, instance:MyAtomation.SeleniumAutomation.Tests.TestngTests2@769e7ee8]" started-at="2024-02-25T13:48:13 EST" name="launchAppPage" finished-at="2024-02-25T13:48:20 EST" duration-ms="6823" status="PASS">
          <reporter-output>
          </reporter-output>
        </test-method> <!-- launchAppPage -->
        <test-method signature="test3()[pri:0, instance:MyAtomation.SeleniumAutomation.Tests.TestngTests2@769e7ee8]" started-at="2024-02-25T13:48:20 EST" name="test3" finished-at="2024-02-25T13:48:20 EST" duration-ms="3" status="PASS">
          <reporter-output>
          </reporter-output>
        </test-method> <!-- test3 -->
        <test-method is-config="true" signature="closeBrowser()[pri:0, instance:MyAtomation.SeleniumAutomation.Tests.TestngTests2@769e7ee8]" started-at="2024-02-25T13:48:20 EST" name="closeBrowser" finished-at="2024-02-25T13:48:20 EST" duration-ms="78" status="PASS">
          <reporter-output>
          </reporter-output>
        </test-method> <!-- closeBrowser -->
      </class> <!-- MyAtomation.SeleniumAutomation.Tests.TestngTests2 -->
    </test> <!-- Test -->
  </suite> <!-- Suite -->
</testng-results>
